2025/05/03 12:58:09 [notice] 1#1: using the "epoll" event method
2025/05/03 12:58:09 [notice] 1#1: nginx/1.25.5
2025/05/03 12:58:09 [notice] 1#1: built by gcc 13.2.1 20231014 (Alpine 13.2.1_git20231014) 
2025/05/03 12:58:09 [notice] 1#1: OS: Linux 6.6.87.1-microsoft-standard-WSL2
2025/05/03 12:58:09 [notice] 1#1: getrlimit(RLIMIT_NOFILE): 1048576:1048576
2025/05/03 12:58:09 [notice] 1#1: start worker processes
2025/05/03 12:58:09 [notice] 1#1: start worker process 29
2025/05/03 12:58:09 [notice] 1#1: start worker process 30
2025/05/03 12:58:09 [notice] 1#1: start worker process 31
2025/05/03 12:58:09 [notice] 1#1: start worker process 32
2025/05/03 12:58:50 [notice] 1#1: signal 3 (SIGQUIT) received, shutting down
2025/05/03 12:58:50 [notice] 29#29: gracefully shutting down
2025/05/03 12:58:50 [notice] 29#29: exiting
2025/05/03 12:58:50 [notice] 31#31: gracefully shutting down
2025/05/03 12:58:50 [notice] 30#30: gracefully shutting down
2025/05/03 12:58:50 [notice] 32#32: gracefully shutting down
2025/05/03 12:58:50 [notice] 29#29: exit
2025/05/03 12:58:50 [notice] 31#31: exiting
2025/05/03 12:58:50 [notice] 30#30: exiting
2025/05/03 12:58:50 [notice] 32#32: exiting
2025/05/03 12:58:50 [notice] 31#31: exit
2025/05/03 12:58:50 [notice] 30#30: exit
2025/05/03 12:58:50 [notice] 32#32: exit
2025/05/03 12:58:50 [notice] 1#1: signal 17 (SIGCHLD) received from 30
2025/05/03 12:58:50 [notice] 1#1: worker process 29 exited with code 0
2025/05/03 12:58:50 [notice] 1#1: worker process 30 exited with code 0
2025/05/03 12:58:50 [notice] 1#1: worker process 31 exited with code 0
2025/05/03 12:58:50 [notice] 1#1: worker process 32 exited with code 0
2025/05/03 12:58:50 [notice] 1#1: exit
2025/05/03 12:59:35 [notice] 1#1: using the "epoll" event method
2025/05/03 12:59:35 [notice] 1#1: nginx/1.25.5
2025/05/03 12:59:35 [notice] 1#1: built by gcc 13.2.1 20231014 (Alpine 13.2.1_git20231014) 
2025/05/03 12:59:35 [notice] 1#1: OS: Linux 6.6.87.1-microsoft-standard-WSL2
2025/05/03 12:59:35 [notice] 1#1: getrlimit(RLIMIT_NOFILE): 1048576:1048576
2025/05/03 12:59:35 [notice] 1#1: start worker processes
2025/05/03 12:59:35 [notice] 1#1: start worker process 29
2025/05/03 12:59:35 [notice] 1#1: start worker process 30
2025/05/03 12:59:35 [notice] 1#1: start worker process 31
2025/05/03 12:59:35 [notice] 1#1: start worker process 32
2025/05/03 13:00:06 [notice] 1#1: signal 3 (SIGQUIT) received, shutting down
2025/05/03 13:00:06 [notice] 29#29: gracefully shutting down
2025/05/03 13:00:06 [notice] 31#31: gracefully shutting down
2025/05/03 13:00:06 [notice] 31#31: exiting
2025/05/03 13:00:06 [notice] 30#30: gracefully shutting down
2025/05/03 13:00:06 [notice] 32#32: gracefully shutting down
2025/05/03 13:00:06 [notice] 29#29: exiting
2025/05/03 13:00:06 [notice] 31#31: exit
2025/05/03 13:00:06 [notice] 29#29: exit
2025/05/03 13:00:06 [notice] 30#30: exiting
2025/05/03 13:00:06 [notice] 32#32: exiting
2025/05/03 13:00:06 [notice] 30#30: exit
2025/05/03 13:00:06 [notice] 32#32: exit
2025/05/03 13:00:06 [notice] 1#1: signal 17 (SIGCHLD) received from 29
2025/05/03 13:00:06 [notice] 1#1: worker process 29 exited with code 0
2025/05/03 13:00:06 [notice] 1#1: signal 29 (SIGIO) received
2025/05/03 13:00:06 [notice] 1#1: signal 17 (SIGCHLD) received from 32
2025/05/03 13:00:06 [notice] 1#1: worker process 30 exited with code 0
2025/05/03 13:00:06 [notice] 1#1: worker process 31 exited with code 0
2025/05/03 13:00:06 [notice] 1#1: worker process 32 exited with code 0
2025/05/03 13:00:06 [notice] 1#1: exit
2025/05/03 13:00:25 [notice] 1#1: using the "epoll" event method
2025/05/03 13:00:25 [notice] 1#1: nginx/1.25.5
2025/05/03 13:00:25 [notice] 1#1: built by gcc 13.2.1 20231014 (Alpine 13.2.1_git20231014) 
2025/05/03 13:00:25 [notice] 1#1: OS: Linux 6.6.87.1-microsoft-standard-WSL2
2025/05/03 13:00:25 [notice] 1#1: getrlimit(RLIMIT_NOFILE): 1048576:1048576
2025/05/03 13:00:25 [notice] 1#1: start worker processes
2025/05/03 13:00:25 [notice] 1#1: start worker process 28
2025/05/03 13:00:25 [notice] 1#1: start worker process 29
2025/05/03 13:00:25 [notice] 1#1: start worker process 30
2025/05/03 13:00:25 [notice] 1#1: start worker process 31
2025/05/03 13:01:41 [notice] 1#1: signal 3 (SIGQUIT) received, shutting down
2025/05/03 13:01:41 [notice] 28#28: gracefully shutting down
2025/05/03 13:01:41 [notice] 29#29: gracefully shutting down
2025/05/03 13:01:41 [notice] 30#30: gracefully shutting down
2025/05/03 13:01:41 [notice] 31#31: gracefully shutting down
2025/05/03 13:01:41 [notice] 28#28: exiting
2025/05/03 13:01:41 [notice] 29#29: exiting
2025/05/03 13:01:41 [notice] 30#30: exiting
2025/05/03 13:01:41 [notice] 31#31: exiting
2025/05/03 13:01:41 [notice] 28#28: exit
2025/05/03 13:01:41 [notice] 29#29: exit
2025/05/03 13:01:41 [notice] 30#30: exit
2025/05/03 13:01:41 [notice] 31#31: exit
2025/05/03 13:04:08 [notice] 1#1: using the "epoll" event method
2025/05/03 13:04:08 [notice] 1#1: nginx/1.25.5
2025/05/03 13:04:08 [notice] 1#1: built by gcc 13.2.1 20231014 (Alpine 13.2.1_git20231014) 
2025/05/03 13:04:08 [notice] 1#1: OS: Linux 6.6.87.1-microsoft-standard-WSL2
2025/05/03 13:04:08 [notice] 1#1: getrlimit(RLIMIT_NOFILE): 1048576:1048576
2025/05/03 13:04:08 [notice] 1#1: start worker processes
2025/05/03 13:04:08 [notice] 1#1: start worker process 29
2025/05/03 13:04:08 [notice] 1#1: start worker process 30
2025/05/03 13:04:08 [notice] 1#1: start worker process 31
2025/05/03 13:04:08 [notice] 1#1: start worker process 32
2025/05/03 13:07:01 [notice] 1#1: signal 3 (SIGQUIT) received, shutting down
2025/05/03 13:07:01 [notice] 29#29: gracefully shutting down
2025/05/03 13:07:01 [notice] 29#29: exiting
2025/05/03 13:07:01 [notice] 30#30: gracefully shutting down
2025/05/03 13:07:01 [notice] 32#32: gracefully shutting down
2025/05/03 13:07:01 [notice] 31#31: gracefully shutting down
2025/05/03 13:07:01 [notice] 30#30: exiting
2025/05/03 13:07:01 [notice] 32#32: exiting
2025/05/03 13:07:01 [notice] 29#29: exit
2025/05/03 13:07:01 [notice] 31#31: exiting
2025/05/03 13:07:01 [notice] 30#30: exit
2025/05/03 13:07:01 [notice] 32#32: exit
2025/05/03 13:07:01 [notice] 31#31: exit
2025/05/03 13:07:01 [notice] 1#1: signal 17 (SIGCHLD) received from 29
2025/05/03 13:07:01 [notice] 1#1: worker process 29 exited with code 0
2025/05/03 13:07:01 [notice] 1#1: signal 29 (SIGIO) received
2025/05/03 13:07:01 [notice] 1#1: signal 17 (SIGCHLD) received from 31
2025/05/03 13:07:01 [notice] 1#1: worker process 31 exited with code 0
2025/05/03 13:07:01 [notice] 1#1: worker process 32 exited with code 0
2025/05/03 13:07:01 [notice] 1#1: signal 29 (SIGIO) received
2025/05/03 13:07:01 [notice] 1#1: signal 17 (SIGCHLD) received from 30
2025/05/03 13:07:01 [notice] 1#1: worker process 30 exited with code 0
2025/05/03 13:07:01 [notice] 1#1: exit
2025/05/03 13:08:20 [notice] 1#1: using the "epoll" event method
2025/05/03 13:08:20 [notice] 1#1: nginx/1.25.5
2025/05/03 13:08:20 [notice] 1#1: built by gcc 13.2.1 20231014 (Alpine 13.2.1_git20231014) 
2025/05/03 13:08:20 [notice] 1#1: OS: Linux 6.6.87.1-microsoft-standard-WSL2
2025/05/03 13:08:20 [notice] 1#1: getrlimit(RLIMIT_NOFILE): 1048576:1048576
2025/05/03 13:08:20 [notice] 1#1: start worker processes
2025/05/03 13:08:20 [notice] 1#1: start worker process 29
2025/05/03 13:08:20 [notice] 1#1: start worker process 30
2025/05/03 13:08:20 [notice] 1#1: start worker process 31
2025/05/03 13:08:20 [notice] 1#1: start worker process 32
2025/05/03 13:08:27 [notice] 1#1: signal 3 (SIGQUIT) received, shutting down
2025/05/03 13:08:27 [notice] 29#29: gracefully shutting down
2025/05/03 13:08:27 [notice] 31#31: gracefully shutting down
2025/05/03 13:08:27 [notice] 30#30: gracefully shutting down
2025/05/03 13:08:27 [notice] 32#32: gracefully shutting down
2025/05/03 13:08:27 [notice] 29#29: exiting
2025/05/03 13:08:27 [notice] 31#31: exiting
2025/05/03 13:08:27 [notice] 30#30: exiting
2025/05/03 13:08:27 [notice] 32#32: exiting
2025/05/03 13:08:27 [notice] 29#29: exit
2025/05/03 13:08:27 [notice] 31#31: exit
2025/05/03 13:08:27 [notice] 30#30: exit
2025/05/03 13:08:27 [notice] 32#32: exit
2025/05/03 13:08:27 [notice] 1#1: signal 17 (SIGCHLD) received from 32
2025/05/03 13:08:27 [notice] 1#1: worker process 32 exited with code 0
2025/05/03 13:08:27 [notice] 1#1: signal 29 (SIGIO) received
2025/05/03 13:08:27 [notice] 1#1: signal 17 (SIGCHLD) received from 31
2025/05/03 13:08:27 [notice] 1#1: worker process 29 exited with code 0
2025/05/03 13:08:27 [notice] 1#1: worker process 30 exited with code 0
2025/05/03 13:08:27 [notice] 1#1: worker process 31 exited with code 0
2025/05/03 13:08:27 [notice] 1#1: exit
2025/05/03 13:10:34 [notice] 1#1: using the "epoll" event method
2025/05/03 13:10:34 [notice] 1#1: nginx/1.25.5
2025/05/03 13:10:34 [notice] 1#1: built by gcc 13.2.1 20231014 (Alpine 13.2.1_git20231014) 
2025/05/03 13:10:34 [notice] 1#1: OS: Linux 6.6.87.1-microsoft-standard-WSL2
2025/05/03 13:10:34 [notice] 1#1: getrlimit(RLIMIT_NOFILE): 1048576:1048576
2025/05/03 13:10:34 [notice] 1#1: start worker processes
2025/05/03 13:10:34 [notice] 1#1: start worker process 29
2025/05/03 13:10:34 [notice] 1#1: start worker process 30
2025/05/03 13:10:34 [notice] 1#1: start worker process 31
2025/05/03 13:10:34 [notice] 1#1: start worker process 32
2025/05/03 13:12:28 [notice] 1#1: signal 3 (SIGQUIT) received, shutting down
2025/05/03 13:12:28 [notice] 29#29: gracefully shutting down
2025/05/03 13:12:28 [notice] 30#30: gracefully shutting down
2025/05/03 13:12:28 [notice] 31#31: gracefully shutting down
2025/05/03 13:12:28 [notice] 31#31: exiting
2025/05/03 13:12:28 [notice] 32#32: gracefully shutting down
2025/05/03 13:12:28 [notice] 29#29: exiting
2025/05/03 13:12:28 [notice] 30#30: exiting
2025/05/03 13:12:28 [notice] 31#31: exit
2025/05/03 13:12:28 [notice] 32#32: exiting
2025/05/03 13:12:28 [notice] 29#29: exit
2025/05/03 13:12:28 [notice] 30#30: exit
2025/05/03 13:12:28 [notice] 32#32: exit
2025/05/03 13:12:28 [notice] 1#1: signal 17 (SIGCHLD) received from 30
2025/05/03 13:12:28 [notice] 1#1: worker process 30 exited with code 0
2025/05/03 13:12:28 [notice] 1#1: signal 29 (SIGIO) received
2025/05/03 13:12:28 [notice] 1#1: signal 17 (SIGCHLD) received from 29
2025/05/03 13:12:28 [notice] 1#1: worker process 29 exited with code 0
2025/05/03 13:12:28 [notice] 1#1: worker process 31 exited with code 0
2025/05/03 13:12:28 [notice] 1#1: signal 29 (SIGIO) received
2025/05/03 13:12:28 [notice] 1#1: signal 17 (SIGCHLD) received from 32
2025/05/03 13:12:28 [notice] 1#1: worker process 32 exited with code 0
2025/05/03 13:12:28 [notice] 1#1: exit
2025/05/03 13:15:18 [notice] 1#1: using the "epoll" event method
2025/05/03 13:15:18 [notice] 1#1: nginx/1.25.5
2025/05/03 13:15:18 [notice] 1#1: built by gcc 13.2.1 20231014 (Alpine 13.2.1_git20231014) 
2025/05/03 13:15:18 [notice] 1#1: OS: Linux 6.6.87.1-microsoft-standard-WSL2
2025/05/03 13:15:18 [notice] 1#1: getrlimit(RLIMIT_NOFILE): 1048576:1048576
2025/05/03 13:15:18 [notice] 1#1: start worker processes
2025/05/03 13:15:18 [notice] 1#1: start worker process 29
2025/05/03 13:15:18 [notice] 1#1: start worker process 30
2025/05/03 13:15:18 [notice] 1#1: start worker process 31
2025/05/03 13:15:18 [notice] 1#1: start worker process 32
2025/05/03 13:16:50 [notice] 1#1: signal 3 (SIGQUIT) received, shutting down
2025/05/03 13:16:50 [notice] 30#30: gracefully shutting down
2025/05/03 13:16:50 [notice] 29#29: gracefully shutting down
2025/05/03 13:16:50 [notice] 31#31: gracefully shutting down
2025/05/03 13:16:50 [notice] 32#32: gracefully shutting down
2025/05/03 13:16:50 [notice] 30#30: exiting
2025/05/03 13:16:50 [notice] 29#29: exiting
2025/05/03 13:16:50 [notice] 31#31: exiting
2025/05/03 13:16:50 [notice] 32#32: exiting
2025/05/03 13:16:50 [notice] 31#31: exit
2025/05/03 13:16:50 [notice] 30#30: exit
2025/05/03 13:16:50 [notice] 29#29: exit
2025/05/03 13:16:50 [notice] 32#32: exit
2025/05/03 13:16:50 [notice] 1#1: signal 17 (SIGCHLD) received from 29
2025/05/03 13:16:50 [notice] 1#1: worker process 29 exited with code 0
2025/05/03 13:16:50 [notice] 1#1: signal 29 (SIGIO) received
2025/05/03 13:16:50 [notice] 1#1: signal 17 (SIGCHLD) received from 31
2025/05/03 13:16:50 [notice] 1#1: worker process 30 exited with code 0
2025/05/03 13:16:50 [notice] 1#1: worker process 31 exited with code 0
2025/05/03 13:16:50 [notice] 1#1: signal 29 (SIGIO) received
2025/05/03 13:16:50 [notice] 1#1: signal 17 (SIGCHLD) received from 32
2025/05/03 13:16:50 [notice] 1#1: worker process 32 exited with code 0
2025/05/03 13:16:50 [notice] 1#1: exit
2025/05/03 13:17:12 [notice] 1#1: using the "epoll" event method
2025/05/03 13:17:12 [notice] 1#1: nginx/1.25.5
2025/05/03 13:17:12 [notice] 1#1: built by gcc 13.2.1 20231014 (Alpine 13.2.1_git20231014) 
2025/05/03 13:17:12 [notice] 1#1: OS: Linux 6.6.87.1-microsoft-standard-WSL2
2025/05/03 13:17:12 [notice] 1#1: getrlimit(RLIMIT_NOFILE): 1048576:1048576
2025/05/03 13:17:12 [notice] 1#1: start worker processes
2025/05/03 13:17:12 [notice] 1#1: start worker process 29
2025/05/03 13:17:12 [notice] 1#1: start worker process 30
2025/05/03 13:17:12 [notice] 1#1: start worker process 31
2025/05/03 13:17:12 [notice] 1#1: start worker process 32
2025/05/03 13:22:06 [notice] 1#1: signal 3 (SIGQUIT) received, shutting down
2025/05/03 13:22:06 [notice] 30#30: gracefully shutting down
2025/05/03 13:22:06 [notice] 31#31: gracefully shutting down
2025/05/03 13:22:06 [notice] 32#32: gracefully shutting down
2025/05/03 13:22:06 [notice] 29#29: gracefully shutting down
2025/05/03 13:22:06 [notice] 30#30: exiting
2025/05/03 13:22:06 [notice] 31#31: exiting
2025/05/03 13:22:06 [notice] 32#32: exiting
2025/05/03 13:22:06 [notice] 31#31: exit
2025/05/03 13:22:06 [notice] 29#29: exiting
2025/05/03 13:22:06 [notice] 30#30: exit
2025/05/03 13:22:06 [notice] 29#29: exit
2025/05/03 13:22:06 [notice] 32#32: exit
2025/05/03 13:22:06 [notice] 1#1: signal 17 (SIGCHLD) received from 29
2025/05/03 13:22:06 [notice] 1#1: worker process 29 exited with code 0
2025/05/03 13:22:06 [notice] 1#1: worker process 31 exited with code 0
2025/05/03 13:22:06 [notice] 1#1: signal 29 (SIGIO) received
2025/05/03 13:22:06 [notice] 1#1: signal 17 (SIGCHLD) received from 30
2025/05/03 13:22:06 [notice] 1#1: worker process 30 exited with code 0
2025/05/03 13:22:06 [notice] 1#1: worker process 32 exited with code 0
2025/05/03 13:22:06 [notice] 1#1: exit
2025/05/03 13:23:37 [notice] 1#1: using the "epoll" event method
2025/05/03 13:23:37 [notice] 1#1: nginx/1.25.5
2025/05/03 13:23:37 [notice] 1#1: built by gcc 13.2.1 20231014 (Alpine 13.2.1_git20231014) 
2025/05/03 13:23:37 [notice] 1#1: OS: Linux 6.6.87.1-microsoft-standard-WSL2
2025/05/03 13:23:37 [notice] 1#1: getrlimit(RLIMIT_NOFILE): 1048576:1048576
2025/05/03 13:23:37 [notice] 1#1: start worker processes
2025/05/03 13:23:37 [notice] 1#1: start worker process 29
2025/05/03 13:23:37 [notice] 1#1: start worker process 30
2025/05/03 13:23:37 [notice] 1#1: start worker process 31
2025/05/03 13:23:37 [notice] 1#1: start worker process 32
2025/05/03 13:25:27 [notice] 1#1: signal 3 (SIGQUIT) received, shutting down
2025/05/03 13:25:27 [notice] 29#29: gracefully shutting down
2025/05/03 13:25:27 [notice] 30#30: gracefully shutting down
2025/05/03 13:25:27 [notice] 31#31: gracefully shutting down
2025/05/03 13:25:27 [notice] 32#32: gracefully shutting down
2025/05/03 13:25:27 [notice] 29#29: exiting
2025/05/03 13:25:27 [notice] 30#30: exiting
2025/05/03 13:25:27 [notice] 31#31: exiting
2025/05/03 13:25:27 [notice] 32#32: exiting
2025/05/03 13:25:27 [notice] 31#31: exit
2025/05/03 13:25:27 [notice] 29#29: exit
2025/05/03 13:25:27 [notice] 30#30: exit
2025/05/03 13:25:27 [notice] 32#32: exit
2025/05/03 13:25:27 [notice] 1#1: signal 17 (SIGCHLD) received from 30
2025/05/03 13:25:27 [notice] 1#1: worker process 29 exited with code 0
2025/05/03 13:25:27 [notice] 1#1: worker process 30 exited with code 0
2025/05/03 13:25:27 [notice] 1#1: worker process 31 exited with code 0
2025/05/03 13:25:27 [notice] 1#1: worker process 32 exited with code 0
2025/05/03 13:25:27 [notice] 1#1: exit
2025/05/03 13:29:33 [notice] 1#1: using the "epoll" event method
2025/05/03 13:29:33 [notice] 1#1: nginx/1.25.5
2025/05/03 13:29:33 [notice] 1#1: built by gcc 13.2.1 20231014 (Alpine 13.2.1_git20231014) 
2025/05/03 13:29:33 [notice] 1#1: OS: Linux 6.6.87.1-microsoft-standard-WSL2
2025/05/03 13:29:33 [notice] 1#1: getrlimit(RLIMIT_NOFILE): 1048576:1048576
2025/05/03 13:29:33 [notice] 1#1: start worker processes
2025/05/03 13:29:33 [notice] 1#1: start worker process 29
2025/05/03 13:29:33 [notice] 1#1: start worker process 30
2025/05/03 13:29:33 [notice] 1#1: start worker process 31
2025/05/03 13:29:33 [notice] 1#1: start worker process 32
2025/05/03 13:29:59 [notice] 1#1: signal 3 (SIGQUIT) received, shutting down
2025/05/03 13:29:59 [notice] 29#29: gracefully shutting down
2025/05/03 13:29:59 [notice] 31#31: gracefully shutting down
2025/05/03 13:29:59 [notice] 30#30: gracefully shutting down
2025/05/03 13:29:59 [notice] 32#32: gracefully shutting down
2025/05/03 13:29:59 [notice] 29#29: exiting
2025/05/03 13:29:59 [notice] 29#29: exit
2025/05/03 13:29:59 [notice] 31#31: exiting
2025/05/03 13:29:59 [notice] 30#30: exiting
2025/05/03 13:29:59 [notice] 32#32: exiting
2025/05/03 13:29:59 [notice] 31#31: exit
2025/05/03 13:29:59 [notice] 30#30: exit
2025/05/03 13:29:59 [notice] 32#32: exit
2025/05/03 13:29:59 [notice] 1#1: signal 17 (SIGCHLD) received from 32
2025/05/03 13:29:59 [notice] 1#1: worker process 31 exited with code 0
2025/05/03 13:29:59 [notice] 1#1: worker process 32 exited with code 0
2025/05/03 13:29:59 [notice] 1#1: signal 29 (SIGIO) received
2025/05/03 13:29:59 [notice] 1#1: signal 17 (SIGCHLD) received from 31
2025/05/03 13:29:59 [notice] 1#1: signal 17 (SIGCHLD) received from 30
2025/05/03 13:29:59 [notice] 1#1: worker process 29 exited with code 0
2025/05/03 13:29:59 [notice] 1#1: worker process 30 exited with code 0
2025/05/03 13:29:59 [notice] 1#1: exit
2025/05/03 13:32:16 [notice] 1#1: using the "epoll" event method
2025/05/03 13:32:16 [notice] 1#1: nginx/1.25.5
2025/05/03 13:32:16 [notice] 1#1: built by gcc 13.2.1 20231014 (Alpine 13.2.1_git20231014) 
2025/05/03 13:32:16 [notice] 1#1: OS: Linux 6.6.87.1-microsoft-standard-WSL2
2025/05/03 13:32:16 [notice] 1#1: getrlimit(RLIMIT_NOFILE): 1048576:1048576
2025/05/03 13:32:16 [notice] 1#1: start worker processes
2025/05/03 13:32:16 [notice] 1#1: start worker process 29
2025/05/03 13:32:16 [notice] 1#1: start worker process 30
2025/05/03 13:32:16 [notice] 1#1: start worker process 31
2025/05/03 13:32:16 [notice] 1#1: start worker process 32
2025/05/03 13:34:31 [notice] 1#1: signal 3 (SIGQUIT) received, shutting down
2025/05/03 13:34:31 [notice] 30#30: gracefully shutting down
2025/05/03 13:34:31 [notice] 32#32: gracefully shutting down
2025/05/03 13:34:31 [notice] 31#31: gracefully shutting down
2025/05/03 13:34:31 [notice] 30#30: exiting
2025/05/03 13:34:31 [notice] 29#29: gracefully shutting down
2025/05/03 13:34:31 [notice] 30#30: exit
2025/05/03 13:34:31 [notice] 32#32: exiting
2025/05/03 13:34:31 [notice] 31#31: exiting
2025/05/03 13:34:31 [notice] 29#29: exiting
2025/05/03 13:34:31 [notice] 32#32: exit
2025/05/03 13:34:31 [notice] 29#29: exit
2025/05/03 13:34:31 [notice] 31#31: exit
2025/05/03 13:34:31 [notice] 1#1: signal 17 (SIGCHLD) received from 30
2025/05/03 13:34:31 [notice] 1#1: worker process 30 exited with code 0
2025/05/03 13:34:31 [notice] 1#1: worker process 32 exited with code 0
2025/05/03 13:34:31 [notice] 1#1: signal 29 (SIGIO) received
2025/05/03 13:34:31 [notice] 1#1: signal 17 (SIGCHLD) received from 29
2025/05/03 13:34:31 [notice] 1#1: worker process 29 exited with code 0
2025/05/03 13:34:31 [notice] 1#1: worker process 31 exited with code 0
2025/05/03 13:34:31 [notice] 1#1: exit
2025/05/03 13:35:37 [notice] 1#1: using the "epoll" event method
2025/05/03 13:35:37 [notice] 1#1: nginx/1.25.5
2025/05/03 13:35:37 [notice] 1#1: built by gcc 13.2.1 20231014 (Alpine 13.2.1_git20231014) 
2025/05/03 13:35:37 [notice] 1#1: OS: Linux 6.6.87.1-microsoft-standard-WSL2
2025/05/03 13:35:37 [notice] 1#1: getrlimit(RLIMIT_NOFILE): 1048576:1048576
2025/05/03 13:35:37 [notice] 1#1: start worker processes
2025/05/03 13:35:37 [notice] 1#1: start worker process 29
2025/05/03 13:35:37 [notice] 1#1: start worker process 30
2025/05/03 13:35:37 [notice] 1#1: start worker process 31
2025/05/03 13:35:37 [notice] 1#1: start worker process 32
2025/05/03 13:38:19 [notice] 1#1: signal 3 (SIGQUIT) received, shutting down
2025/05/03 13:38:19 [notice] 29#29: gracefully shutting down
2025/05/03 13:38:19 [notice] 31#31: gracefully shutting down
2025/05/03 13:38:19 [notice] 30#30: gracefully shutting down
2025/05/03 13:38:19 [notice] 32#32: gracefully shutting down
2025/05/03 13:38:19 [notice] 29#29: exiting
2025/05/03 13:38:19 [notice] 31#31: exiting
2025/05/03 13:38:19 [notice] 30#30: exiting
2025/05/03 13:38:19 [notice] 31#31: exit
2025/05/03 13:38:19 [notice] 32#32: exiting
2025/05/03 13:38:19 [notice] 29#29: exit
2025/05/03 13:38:19 [notice] 30#30: exit
2025/05/03 13:38:19 [notice] 32#32: exit
2025/05/03 13:38:19 [notice] 1#1: signal 17 (SIGCHLD) received from 32
2025/05/03 13:38:19 [notice] 1#1: worker process 31 exited with code 0
2025/05/03 13:38:19 [notice] 1#1: worker process 32 exited with code 0
2025/05/03 13:38:19 [notice] 1#1: signal 29 (SIGIO) received
2025/05/03 13:38:19 [notice] 1#1: signal 17 (SIGCHLD) received from 30
2025/05/03 13:38:19 [notice] 1#1: worker process 29 exited with code 0
2025/05/03 13:38:19 [notice] 1#1: worker process 30 exited with code 0
2025/05/03 13:38:19 [notice] 1#1: exit
2025/05/03 13:40:29 [notice] 1#1: using the "epoll" event method
2025/05/03 13:40:29 [notice] 1#1: nginx/1.25.5
2025/05/03 13:40:29 [notice] 1#1: built by gcc 13.2.1 20231014 (Alpine 13.2.1_git20231014) 
2025/05/03 13:40:29 [notice] 1#1: OS: Linux 6.6.87.1-microsoft-standard-WSL2
2025/05/03 13:40:29 [notice] 1#1: getrlimit(RLIMIT_NOFILE): 1048576:1048576
2025/05/03 13:40:29 [notice] 1#1: start worker processes
2025/05/03 13:40:29 [notice] 1#1: start worker process 29
2025/05/03 13:40:29 [notice] 1#1: start worker process 30
2025/05/03 13:40:29 [notice] 1#1: start worker process 31
2025/05/03 13:40:29 [notice] 1#1: start worker process 32
2025/05/03 13:42:39 [notice] 1#1: signal 3 (SIGQUIT) received, shutting down
2025/05/03 13:42:39 [notice] 29#29: gracefully shutting down
2025/05/03 13:42:39 [notice] 30#30: gracefully shutting down
2025/05/03 13:42:39 [notice] 31#31: gracefully shutting down
2025/05/03 13:42:39 [notice] 32#32: gracefully shutting down
2025/05/03 13:42:39 [notice] 29#29: exiting
2025/05/03 13:42:39 [notice] 30#30: exiting
2025/05/03 13:42:39 [notice] 31#31: exiting
2025/05/03 13:42:39 [notice] 32#32: exiting
2025/05/03 13:42:39 [notice] 31#31: exit
2025/05/03 13:42:39 [notice] 29#29: exit
2025/05/03 13:42:39 [notice] 30#30: exit
2025/05/03 13:42:39 [notice] 32#32: exit
2025/05/03 13:42:39 [notice] 1#1: signal 17 (SIGCHLD) received from 32
2025/05/03 13:42:39 [notice] 1#1: worker process 30 exited with code 0
2025/05/03 13:42:39 [notice] 1#1: worker process 32 exited with code 0
2025/05/03 13:42:39 [notice] 1#1: signal 29 (SIGIO) received
2025/05/03 13:42:39 [notice] 1#1: signal 17 (SIGCHLD) received from 29
2025/05/03 13:42:39 [notice] 1#1: worker process 29 exited with code 0
2025/05/03 13:42:39 [notice] 1#1: worker process 31 exited with code 0
2025/05/03 13:42:39 [notice] 1#1: exit
2025/05/03 13:43:33 [notice] 1#1: using the "epoll" event method
2025/05/03 13:43:33 [notice] 1#1: nginx/1.25.5
2025/05/03 13:43:33 [notice] 1#1: built by gcc 13.2.1 20231014 (Alpine 13.2.1_git20231014) 
2025/05/03 13:43:33 [notice] 1#1: OS: Linux 6.6.87.1-microsoft-standard-WSL2
2025/05/03 13:43:33 [notice] 1#1: getrlimit(RLIMIT_NOFILE): 1048576:1048576
2025/05/03 13:43:33 [notice] 1#1: start worker processes
2025/05/03 13:43:33 [notice] 1#1: start worker process 29
2025/05/03 13:43:33 [notice] 1#1: start worker process 30
2025/05/03 13:43:33 [notice] 1#1: start worker process 31
2025/05/03 13:43:33 [notice] 1#1: start worker process 32
2025/05/03 13:58:20 [notice] 1#1: signal 3 (SIGQUIT) received, shutting down
2025/05/03 13:58:20 [notice] 29#29: gracefully shutting down
2025/05/03 13:58:20 [notice] 30#30: gracefully shutting down
2025/05/03 13:58:20 [notice] 31#31: gracefully shutting down
2025/05/03 13:58:20 [notice] 32#32: gracefully shutting down
2025/05/03 13:58:20 [notice] 29#29: exiting
2025/05/03 13:58:20 [notice] 30#30: exiting
2025/05/03 13:58:20 [notice] 31#31: exiting
2025/05/03 13:58:20 [notice] 32#32: exiting
2025/05/03 13:58:20 [notice] 31#31: exit
2025/05/03 13:58:20 [notice] 29#29: exit
2025/05/03 13:58:20 [notice] 30#30: exit
2025/05/03 13:58:20 [notice] 32#32: exit
2025/05/03 13:58:20 [notice] 1#1: signal 17 (SIGCHLD) received from 30
2025/05/03 13:58:20 [notice] 1#1: worker process 30 exited with code 0
2025/05/03 13:58:20 [notice] 1#1: signal 29 (SIGIO) received
2025/05/03 13:58:20 [notice] 1#1: signal 17 (SIGCHLD) received from 31
2025/05/03 13:58:20 [notice] 1#1: worker process 31 exited with code 0
2025/05/03 13:58:20 [notice] 1#1: worker process 32 exited with code 0
2025/05/03 13:58:20 [notice] 1#1: signal 29 (SIGIO) received
2025/05/03 13:58:20 [notice] 1#1: signal 17 (SIGCHLD) received from 29
2025/05/03 13:58:20 [notice] 1#1: worker process 29 exited with code 0
2025/05/03 13:58:20 [notice] 1#1: exit
2025/05/03 13:59:32 [notice] 1#1: using the "epoll" event method
2025/05/03 13:59:32 [notice] 1#1: nginx/1.25.5
2025/05/03 13:59:32 [notice] 1#1: built by gcc 13.2.1 20231014 (Alpine 13.2.1_git20231014) 
2025/05/03 13:59:32 [notice] 1#1: OS: Linux 6.6.87.1-microsoft-standard-WSL2
2025/05/03 13:59:32 [notice] 1#1: getrlimit(RLIMIT_NOFILE): 1048576:1048576
2025/05/03 13:59:32 [notice] 1#1: start worker processes
2025/05/03 13:59:32 [notice] 1#1: start worker process 29
2025/05/03 13:59:32 [notice] 1#1: start worker process 30
2025/05/03 13:59:32 [notice] 1#1: start worker process 31
2025/05/03 13:59:32 [notice] 1#1: start worker process 32
2025/05/03 14:00:32 [notice] 1#1: signal 3 (SIGQUIT) received, shutting down
2025/05/03 14:00:32 [notice] 31#31: gracefully shutting down
2025/05/03 14:00:32 [notice] 30#30: gracefully shutting down
2025/05/03 14:00:32 [notice] 32#32: gracefully shutting down
2025/05/03 14:00:32 [notice] 32#32: exiting
2025/05/03 14:00:32 [notice] 29#29: gracefully shutting down
2025/05/03 14:00:32 [notice] 31#31: exiting
2025/05/03 14:00:32 [notice] 29#29: exiting
2025/05/03 14:00:32 [notice] 30#30: exiting
2025/05/03 14:00:32 [notice] 32#32: exit
2025/05/03 14:00:32 [notice] 31#31: exit
2025/05/03 14:00:32 [notice] 29#29: exit
2025/05/03 14:00:32 [notice] 30#30: exit
2025/05/03 14:00:32 [notice] 1#1: signal 17 (SIGCHLD) received from 29
2025/05/03 14:00:32 [notice] 1#1: worker process 29 exited with code 0
2025/05/03 14:00:32 [notice] 1#1: signal 29 (SIGIO) received
2025/05/03 14:00:32 [notice] 1#1: signal 17 (SIGCHLD) received from 32
2025/05/03 14:00:32 [notice] 1#1: worker process 32 exited with code 0
2025/05/03 14:00:32 [notice] 1#1: signal 29 (SIGIO) received
2025/05/03 14:00:32 [notice] 1#1: signal 17 (SIGCHLD) received from 31
2025/05/03 14:00:32 [notice] 1#1: worker process 30 exited with code 0
2025/05/03 14:00:32 [notice] 1#1: worker process 31 exited with code 0
2025/05/03 14:00:32 [notice] 1#1: exit
2025/05/03 14:01:28 [notice] 1#1: using the "epoll" event method
2025/05/03 14:01:28 [notice] 1#1: nginx/1.25.5
2025/05/03 14:01:28 [notice] 1#1: built by gcc 13.2.1 20231014 (Alpine 13.2.1_git20231014) 
2025/05/03 14:01:28 [notice] 1#1: OS: Linux 6.6.87.1-microsoft-standard-WSL2
2025/05/03 14:01:28 [notice] 1#1: getrlimit(RLIMIT_NOFILE): 1048576:1048576
2025/05/03 14:01:28 [notice] 1#1: start worker processes
2025/05/03 14:01:28 [notice] 1#1: start worker process 30
2025/05/03 14:01:28 [notice] 1#1: start worker process 31
2025/05/03 14:01:28 [notice] 1#1: start worker process 32
2025/05/03 14:01:28 [notice] 1#1: start worker process 33
2025/05/03 14:09:57 [notice] 1#1: signal 3 (SIGQUIT) received, shutting down
2025/05/03 14:09:57 [notice] 31#31: gracefully shutting down
2025/05/03 14:09:57 [notice] 33#33: gracefully shutting down
2025/05/03 14:09:57 [notice] 30#30: gracefully shutting down
2025/05/03 14:09:57 [notice] 32#32: gracefully shutting down
2025/05/03 14:09:57 [notice] 31#31: exiting
2025/05/03 14:09:57 [notice] 33#33: exiting
2025/05/03 14:09:57 [notice] 30#30: exiting
2025/05/03 14:09:57 [notice] 32#32: exiting
2025/05/03 14:09:57 [notice] 30#30: exit
2025/05/03 14:09:57 [notice] 31#31: exit
2025/05/03 14:09:57 [notice] 33#33: exit
2025/05/03 14:09:57 [notice] 32#32: exit
2025/05/03 14:09:57 [notice] 1#1: signal 17 (SIGCHLD) received from 30
2025/05/03 14:09:57 [notice] 1#1: worker process 30 exited with code 0
2025/05/03 14:09:57 [notice] 1#1: signal 29 (SIGIO) received
2025/05/03 14:09:57 [notice] 1#1: signal 17 (SIGCHLD) received from 32
2025/05/03 14:09:57 [notice] 1#1: worker process 32 exited with code 0
2025/05/03 14:09:57 [notice] 1#1: worker process 33 exited with code 0
2025/05/03 14:09:57 [notice] 1#1: signal 29 (SIGIO) received
2025/05/03 14:09:57 [notice] 1#1: signal 17 (SIGCHLD) received from 31
2025/05/03 14:09:57 [notice] 1#1: worker process 31 exited with code 0
2025/05/03 14:09:57 [notice] 1#1: exit
2025/05/03 14:10:28 [notice] 1#1: using the "epoll" event method
2025/05/03 14:10:28 [notice] 1#1: nginx/1.25.5
2025/05/03 14:10:28 [notice] 1#1: built by gcc 13.2.1 20231014 (Alpine 13.2.1_git20231014) 
2025/05/03 14:10:28 [notice] 1#1: OS: Linux 6.6.87.1-microsoft-standard-WSL2
2025/05/03 14:10:28 [notice] 1#1: getrlimit(RLIMIT_NOFILE): 1048576:1048576
2025/05/03 14:10:28 [notice] 1#1: start worker processes
2025/05/03 14:10:28 [notice] 1#1: start worker process 29
2025/05/03 14:10:28 [notice] 1#1: start worker process 30
2025/05/03 14:10:28 [notice] 1#1: start worker process 31
2025/05/03 14:10:28 [notice] 1#1: start worker process 32
2025/05/03 14:13:59 [notice] 1#1: signal 3 (SIGQUIT) received, shutting down
2025/05/03 14:13:59 [notice] 29#29: gracefully shutting down
2025/05/03 14:13:59 [notice] 31#31: gracefully shutting down
2025/05/03 14:13:59 [notice] 32#32: gracefully shutting down
2025/05/03 14:13:59 [notice] 30#30: gracefully shutting down
2025/05/03 14:13:59 [notice] 29#29: exiting
2025/05/03 14:13:59 [notice] 31#31: exiting
2025/05/03 14:13:59 [notice] 32#32: exiting
2025/05/03 14:13:59 [notice] 30#30: exiting
2025/05/03 14:13:59 [notice] 29#29: exit
2025/05/03 14:13:59 [notice] 31#31: exit
2025/05/03 14:13:59 [notice] 32#32: exit
2025/05/03 14:13:59 [notice] 30#30: exit
2025/05/03 14:13:59 [notice] 1#1: signal 17 (SIGCHLD) received from 32
2025/05/03 14:13:59 [notice] 1#1: worker process 32 exited with code 0
2025/05/03 14:13:59 [notice] 1#1: signal 29 (SIGIO) received
2025/05/03 14:13:59 [notice] 1#1: signal 17 (SIGCHLD) received from 30
2025/05/03 14:13:59 [notice] 1#1: worker process 29 exited with code 0
2025/05/03 14:13:59 [notice] 1#1: worker process 30 exited with code 0
2025/05/03 14:13:59 [notice] 1#1: signal 29 (SIGIO) received
2025/05/03 14:13:59 [notice] 1#1: signal 17 (SIGCHLD) received from 29
2025/05/03 14:13:59 [notice] 1#1: signal 17 (SIGCHLD) received from 31
2025/05/03 14:13:59 [notice] 1#1: worker process 31 exited with code 0
2025/05/03 14:13:59 [notice] 1#1: exit
2025/05/03 14:14:19 [notice] 1#1: using the "epoll" event method
2025/05/03 14:14:19 [notice] 1#1: nginx/1.25.5
2025/05/03 14:14:19 [notice] 1#1: built by gcc 13.2.1 20231014 (Alpine 13.2.1_git20231014) 
2025/05/03 14:14:19 [notice] 1#1: OS: Linux 6.6.87.1-microsoft-standard-WSL2
2025/05/03 14:14:19 [notice] 1#1: getrlimit(RLIMIT_NOFILE): 1048576:1048576
2025/05/03 14:14:19 [notice] 1#1: start worker processes
2025/05/03 14:14:19 [notice] 1#1: start worker process 29
2025/05/03 14:14:19 [notice] 1#1: start worker process 30
2025/05/03 14:14:19 [notice] 1#1: start worker process 31
2025/05/03 14:14:19 [notice] 1#1: start worker process 32
2025/05/03 14:17:20 [notice] 1#1: signal 3 (SIGQUIT) received, shutting down
2025/05/03 14:17:20 [notice] 29#29: gracefully shutting down
2025/05/03 14:17:20 [notice] 30#30: gracefully shutting down
2025/05/03 14:17:20 [notice] 31#31: gracefully shutting down
2025/05/03 14:17:20 [notice] 32#32: gracefully shutting down
2025/05/03 14:17:20 [notice] 29#29: exiting
2025/05/03 14:17:20 [notice] 30#30: exiting
2025/05/03 14:17:20 [notice] 31#31: exiting
2025/05/03 14:17:20 [notice] 30#30: exit
2025/05/03 14:17:20 [notice] 32#32: exiting
2025/05/03 14:17:20 [notice] 29#29: exit
2025/05/03 14:17:20 [notice] 31#31: exit
2025/05/03 14:17:20 [notice] 32#32: exit
2025/05/03 14:17:20 [notice] 1#1: signal 17 (SIGCHLD) received from 32
2025/05/03 14:17:20 [notice] 1#1: worker process 32 exited with code 0
2025/05/03 14:17:20 [notice] 1#1: signal 29 (SIGIO) received
2025/05/03 14:17:20 [notice] 1#1: signal 17 (SIGCHLD) received from 30
2025/05/03 14:17:20 [notice] 1#1: worker process 30 exited with code 0
2025/05/03 14:17:20 [notice] 1#1: signal 29 (SIGIO) received
2025/05/03 14:17:20 [notice] 1#1: signal 17 (SIGCHLD) received from 31
2025/05/03 14:17:20 [notice] 1#1: worker process 29 exited with code 0
2025/05/03 14:17:20 [notice] 1#1: worker process 31 exited with code 0
2025/05/03 14:17:20 [notice] 1#1: exit
2025/05/03 14:17:48 [notice] 1#1: using the "epoll" event method
2025/05/03 14:17:48 [notice] 1#1: nginx/1.25.5
2025/05/03 14:17:48 [notice] 1#1: built by gcc 13.2.1 20231014 (Alpine 13.2.1_git20231014) 
2025/05/03 14:17:48 [notice] 1#1: OS: Linux 6.6.87.1-microsoft-standard-WSL2
2025/05/03 14:17:48 [notice] 1#1: getrlimit(RLIMIT_NOFILE): 1048576:1048576
2025/05/03 14:17:48 [notice] 1#1: start worker processes
2025/05/03 14:17:48 [notice] 1#1: start worker process 29
2025/05/03 14:17:48 [notice] 1#1: start worker process 30
2025/05/03 14:17:48 [notice] 1#1: start worker process 31
2025/05/03 14:17:48 [notice] 1#1: start worker process 32
2025/05/03 14:18:10 [notice] 1#1: signal 3 (SIGQUIT) received, shutting down
2025/05/03 14:18:10 [notice] 29#29: gracefully shutting down
2025/05/03 14:18:10 [notice] 30#30: gracefully shutting down
2025/05/03 14:18:10 [notice] 30#30: exiting
2025/05/03 14:18:10 [notice] 31#31: gracefully shutting down
2025/05/03 14:18:10 [notice] 31#31: exiting
2025/05/03 14:18:10 [notice] 32#32: gracefully shutting down
2025/05/03 14:18:10 [notice] 29#29: exiting
2025/05/03 14:18:10 [notice] 30#30: exit
2025/05/03 14:18:10 [notice] 31#31: exit
2025/05/03 14:18:10 [notice] 32#32: exiting
2025/05/03 14:18:10 [notice] 29#29: exit
2025/05/03 14:18:10 [notice] 32#32: exit
2025/05/03 14:18:10 [notice] 1#1: signal 17 (SIGCHLD) received from 32
2025/05/03 14:18:10 [notice] 1#1: worker process 29 exited with code 0
2025/05/03 14:18:10 [notice] 1#1: worker process 30 exited with code 0
2025/05/03 14:18:10 [notice] 1#1: worker process 31 exited with code 0
2025/05/03 14:18:10 [notice] 1#1: worker process 32 exited with code 0
2025/05/03 14:18:10 [notice] 1#1: exit
2025/05/03 14:18:30 [notice] 1#1: using the "epoll" event method
2025/05/03 14:18:30 [notice] 1#1: nginx/1.25.5
2025/05/03 14:18:30 [notice] 1#1: built by gcc 13.2.1 20231014 (Alpine 13.2.1_git20231014) 
2025/05/03 14:18:30 [notice] 1#1: OS: Linux 6.6.87.1-microsoft-standard-WSL2
2025/05/03 14:18:30 [notice] 1#1: getrlimit(RLIMIT_NOFILE): 1048576:1048576
2025/05/03 14:18:30 [notice] 1#1: start worker processes
2025/05/03 14:18:30 [notice] 1#1: start worker process 29
2025/05/03 14:18:30 [notice] 1#1: start worker process 30
2025/05/03 14:18:30 [notice] 1#1: start worker process 31
2025/05/03 14:18:30 [notice] 1#1: start worker process 32
2025/05/03 14:30:08 [notice] 1#1: signal 3 (SIGQUIT) received, shutting down
2025/05/03 14:30:08 [notice] 29#29: gracefully shutting down
2025/05/03 14:30:08 [notice] 30#30: gracefully shutting down
2025/05/03 14:30:08 [notice] 31#31: gracefully shutting down
2025/05/03 14:30:08 [notice] 32#32: gracefully shutting down
2025/05/03 14:30:08 [notice] 32#32: exiting
2025/05/03 14:30:08 [notice] 29#29: exiting
2025/05/03 14:30:08 [notice] 30#30: exiting
2025/05/03 14:30:08 [notice] 30#30: exit
2025/05/03 14:30:08 [notice] 31#31: exiting
2025/05/03 14:30:08 [notice] 32#32: exit
2025/05/03 14:30:08 [notice] 29#29: exit
2025/05/03 14:30:08 [notice] 31#31: exit
2025/05/03 14:30:08 [notice] 1#1: signal 17 (SIGCHLD) received from 31
2025/05/03 14:30:08 [notice] 1#1: worker process 31 exited with code 0
2025/05/03 14:30:08 [notice] 1#1: signal 29 (SIGIO) received
2025/05/03 14:30:08 [notice] 1#1: signal 17 (SIGCHLD) received from 32
2025/05/03 14:30:08 [notice] 1#1: worker process 29 exited with code 0
2025/05/03 14:30:08 [notice] 1#1: worker process 30 exited with code 0
2025/05/03 14:30:08 [notice] 1#1: worker process 32 exited with code 0
2025/05/03 14:30:08 [notice] 1#1: exit
2025/05/03 14:30:28 [notice] 1#1: using the "epoll" event method
2025/05/03 14:30:28 [notice] 1#1: nginx/1.25.5
2025/05/03 14:30:28 [notice] 1#1: built by gcc 13.2.1 20231014 (Alpine 13.2.1_git20231014) 
2025/05/03 14:30:28 [notice] 1#1: OS: Linux 6.6.87.1-microsoft-standard-WSL2
2025/05/03 14:30:28 [notice] 1#1: getrlimit(RLIMIT_NOFILE): 1048576:1048576
2025/05/03 14:30:28 [notice] 1#1: start worker processes
2025/05/03 14:30:28 [notice] 1#1: start worker process 29
2025/05/03 14:30:28 [notice] 1#1: start worker process 30
2025/05/03 14:30:28 [notice] 1#1: start worker process 31
2025/05/03 14:30:28 [notice] 1#1: start worker process 32
2025/05/03 14:31:21 [notice] 1#1: signal 3 (SIGQUIT) received, shutting down
2025/05/03 14:31:21 [notice] 31#31: gracefully shutting down
2025/05/03 14:31:21 [notice] 29#29: gracefully shutting down
2025/05/03 14:31:21 [notice] 30#30: gracefully shutting down
2025/05/03 14:31:21 [notice] 32#32: gracefully shutting down
2025/05/03 14:31:21 [notice] 32#32: exiting
2025/05/03 14:31:21 [notice] 31#31: exiting
2025/05/03 14:31:21 [notice] 29#29: exiting
2025/05/03 14:31:21 [notice] 30#30: exiting
2025/05/03 14:31:21 [notice] 32#32: exit
2025/05/03 14:31:21 [notice] 31#31: exit
2025/05/03 14:31:21 [notice] 29#29: exit
2025/05/03 14:31:21 [notice] 30#30: exit
2025/05/03 14:31:21 [notice] 1#1: signal 17 (SIGCHLD) received from 31
2025/05/03 14:31:21 [notice] 1#1: worker process 31 exited with code 0
2025/05/03 14:31:21 [notice] 1#1: signal 29 (SIGIO) received
2025/05/03 14:31:21 [notice] 1#1: signal 17 (SIGCHLD) received from 32
2025/05/03 14:31:21 [notice] 1#1: worker process 32 exited with code 0
2025/05/03 14:31:21 [notice] 1#1: signal 29 (SIGIO) received
2025/05/03 14:31:21 [notice] 1#1: signal 17 (SIGCHLD) received from 30
2025/05/03 14:31:21 [notice] 1#1: worker process 30 exited with code 0
2025/05/03 14:31:21 [notice] 1#1: signal 29 (SIGIO) received
2025/05/03 14:31:21 [notice] 1#1: signal 17 (SIGCHLD) received from 29
2025/05/03 14:31:21 [notice] 1#1: worker process 29 exited with code 0
2025/05/03 14:31:21 [notice] 1#1: exit
2025/05/03 14:31:38 [notice] 1#1: using the "epoll" event method
2025/05/03 14:31:38 [notice] 1#1: nginx/1.25.5
2025/05/03 14:31:38 [notice] 1#1: built by gcc 13.2.1 20231014 (Alpine 13.2.1_git20231014) 
2025/05/03 14:31:38 [notice] 1#1: OS: Linux 6.6.87.1-microsoft-standard-WSL2
2025/05/03 14:31:38 [notice] 1#1: getrlimit(RLIMIT_NOFILE): 1048576:1048576
2025/05/03 14:31:38 [notice] 1#1: start worker processes
2025/05/03 14:31:38 [notice] 1#1: start worker process 29
2025/05/03 14:31:38 [notice] 1#1: start worker process 30
2025/05/03 14:31:38 [notice] 1#1: start worker process 31
2025/05/03 14:31:38 [notice] 1#1: start worker process 32
2025/05/03 14:37:34 [notice] 1#1: signal 3 (SIGQUIT) received, shutting down
2025/05/03 14:37:34 [notice] 29#29: gracefully shutting down
2025/05/03 14:37:34 [notice] 30#30: gracefully shutting down
2025/05/03 14:37:34 [notice] 31#31: gracefully shutting down
2025/05/03 14:37:34 [notice] 30#30: exiting
2025/05/03 14:37:34 [notice] 32#32: gracefully shutting down
2025/05/03 14:37:34 [notice] 29#29: exiting
2025/05/03 14:37:34 [notice] 31#31: exiting
2025/05/03 14:37:34 [notice] 30#30: exit
2025/05/03 14:37:34 [notice] 31#31: exit
2025/05/03 14:37:34 [notice] 32#32: exiting
2025/05/03 14:37:34 [notice] 29#29: exit
2025/05/03 14:37:34 [notice] 32#32: exit
2025/05/03 14:37:34 [notice] 1#1: signal 17 (SIGCHLD) received from 32
2025/05/03 14:37:34 [notice] 1#1: worker process 32 exited with code 0
2025/05/03 14:37:34 [notice] 1#1: signal 29 (SIGIO) received
2025/05/03 14:37:34 [notice] 1#1: signal 17 (SIGCHLD) received from 30
2025/05/03 14:37:34 [notice] 1#1: worker process 30 exited with code 0
2025/05/03 14:37:34 [notice] 1#1: signal 29 (SIGIO) received
2025/05/03 14:37:34 [notice] 1#1: signal 17 (SIGCHLD) received from 31
2025/05/03 14:37:34 [notice] 1#1: worker process 31 exited with code 0
2025/05/03 14:37:34 [notice] 1#1: signal 29 (SIGIO) received
2025/05/03 14:37:34 [notice] 1#1: signal 17 (SIGCHLD) received from 29
2025/05/03 14:37:34 [notice] 1#1: worker process 29 exited with code 0
2025/05/03 14:37:34 [notice] 1#1: exit
